SF:lib/src/easy_cleaner.dart
DA:10,4
DA:18,3
DA:20,1
DA:21,1
DA:22,1
DA:26,3
DA:28,1
DA:30,2
DA:33,3
DA:34,3
DA:35,3
DA:37,1
DA:39,1
DA:40,8
DA:42,3
DA:43,1
DA:46,5
DA:49,2
DA:50,1
DA:53,1
DA:54,1
DA:56,1
DA:59,3
DA:60,0
DA:63,1
DA:65,1
DA:69,1
DA:72,1
DA:76,1
DA:79,1
DA:80,2
DA:83,1
DA:84,1
DA:85,1
DA:86,1
DA:88,1
DA:90,1
LF:37
LH:36
end_of_record
SF:lib/src/helpers/console.dart
DA:1,1
DA:2,2
DA:5,1
DA:6,2
DA:9,1
DA:10,2
LF:6
LH:6
end_of_record
SF:lib/src/helpers/localization_helpers.dart
DA:11,1
DA:12,1
DA:15,1
DA:16,1
DA:17,2
DA:20,1
DA:22,2
DA:24,2
DA:25,1
DA:26,3
DA:27,1
DA:28,1
DA:29,2
DA:30,2
DA:37,1
DA:39,1
DA:42,3
DA:43,2
DA:44,1
DA:45,3
DA:46,1
DA:47,2
DA:51,2
DA:55,1
DA:57,1
DA:59,3
DA:60,2
DA:61,1
DA:62,3
DA:63,1
DA:64,2
DA:68,2
DA:72,1
DA:74,3
DA:76,2
DA:77,1
DA:78,3
DA:79,1
DA:81,2
DA:82,1
DA:83,1
DA:86,2
DA:87,3
DA:89,3
DA:94,1
DA:95,1
DA:96,1
DA:99,1
DA:100,1
DA:101,1
DA:103,1
DA:104,1
DA:106,2
DA:107,2
DA:108,2
DA:109,1
LF:56
LH:56
end_of_record
SF:lib/src/visitors/base_keys_visitor.dart
DA:9,1
DA:11,2
DA:12,1
DA:13,5
DA:14,3
DA:16,1
LF:6
LH:6
end_of_record
SF:lib/src/visitors/key_usage_visitor.dart
DA:11,1
DA:13,2
DA:14,2
DA:15,2
DA:16,2
DA:18,1
DA:21,1
DA:22,1
DA:24,3
DA:25,1
DA:26,3
DA:28,2
DA:30,1
DA:31,3
DA:33,4
DA:38,1
DA:39,2
DA:40,1
DA:42,3
DA:43,1
DA:44,3
DA:46,4
LF:22
LH:22
end_of_record
SF:lib/src/visitors/locale_keys_visitor.dart
DA:10,1
DA:12,4
DA:14,1
LF:3
LH:3
end_of_record
